Arguments: 
  /usr/bin/node /usr/sbin/yarn install

PATH: 
  /home/robocopgay/bin:/usr/sbin:/sbin:/usr/local/bin:/usr/bin:/bin:/usr/local/sbin:/usr/lib/jvm/default/bin:/usr/bin/site_perl:/usr/bin/vendor_perl:/usr/bin/core_perl:/home/robocopgay/.fzf/bin

Yarn version: 
  1.19.1

Node version: 
  10.16.3

Platform: 
  linux x64

Trace: 
  SyntaxError: /home/robocopgay/Create/Projects/agrotech/frontend/src/package.json: Unexpected string in JSON at position 409
      at JSON.parse (<anonymous>)
      at /usr/lib/node_modules/yarn/lib/cli.js:1625:59
      at Generator.next (<anonymous>)
      at step (/usr/lib/node_modules/yarn/lib/cli.js:304:30)
      at /usr/lib/node_modules/yarn/lib/cli.js:315:13

npm manifest: 
  {
    "name": "AgroTech",
    "version": "1.0.0",
    "description": "image embed",
    "keywords": [],
    "main": "src/index.js",
    "homepage": "http://robocopgay.github.io/AgroTechProject",
    "dependencies": {
      "axios": "^0.19.0",
      "gh-pages": "^2.1.1",
      "markdown-react-js": "^1.0.2",
      "react": "^16.10.2",
      "react-dom": "^16.10.2",
      "react-router-dom": "^5.1.2",
      "react-scripts": "3.2.0"
      "predeploy": "npm run build",
      "deploy": "gh-pages -d build"
    },
    "devDependencies": {},
    "scripts": {
      "start": "react-scripts start",
      "build": "react-scripts build",
      "test": "react-scripts test --env=jsdom",
      "eject": "react-scripts eject"
    }
  }

yarn manifest: 
  No manifest

Lockfile: 
  No lockfile
